<?xml version="1.0" encoding="UTF-8"?>
<!-- Generated by org.testng.reporters.JUnitXMLReporter -->
<testsuite ignored="0" hostname="hp" failures="0" tests="2" name="Default test" time="127.72" errors="0" timestamp="2025-05-13T10:47:55 IST">
  <testcase classname="com.American_Airlines_Testng.fligHtBookingMainTestng" name="otherPaymentOptionValidation" time="21.849"/>
  <testcase classname="com.American_Airlines_Testng.fligHtBookingMainTestng" name="creditCardSelectionValidation" time="1.458"/>
</testsuite> <!-- Default test -->
