<?xml version="1.0" encoding="UTF-8"?>
<testng-results ignored="0" total="1" passed="1" failed="0" skipped="0">
  <reporter-output>
    <line>
      <![CDATA[Page scrolled.]]>
    </line>
    <line>
      <![CDATA[Source city selected]]>
    </line>
    <line>
      <![CDATA[Destination city selected]]>
    </line>
    <line>
      <![CDATA[Adults selected]]>
    </line>
    <line>
      <![CDATA[Date selected]]>
    </line>
    <line>
      <![CDATA[Children selected]]>
    </line>
    <line>
      <![CDATA[Flight searched]]>
    </line>
    <line>
      <![CDATA[Navigated to flight selection page.]]>
    </line>
    <line>
      <![CDATA[Page scrolled.]]>
    </line>
    <line>
      <![CDATA[Flights sorted]]>
    </line>
    <line>
      <![CDATA[Page scrolled to element : INR
32,926]]>
    </line>
    <line>
      <![CDATA[Flights selected]]>
    </line>
    <line>
      <![CDATA[Page scrolled to element : Continue]]>
    </line>
    <line>
      <![CDATA[Continued to passenger details page.]]>
    </line>
    <line>
      <![CDATA[Title and gender has selected.]]>
    </line>
    <line>
      <![CDATA[Page scrolled to element : ]]>
    </line>
    <line>
      <![CDATA[Passenger name has entered.]]>
    </line>
    <line>
      <![CDATA[Date of birth have selected.]]>
    </line>
    <line>
      <![CDATA[Page scrolled to element : ]]>
    </line>
    <line>
      <![CDATA[Email has entered.]]>
    </line>
    <line>
      <![CDATA[Phone number has entered.]]>
    </line>
    <line>
      <![CDATA[Page scrolled to element : Continue]]>
    </line>
    <line>
      <![CDATA[Navigated to payment page.]]>
    </line>
    <line>
      <![CDATA[TC passed]]>
    </line>
  </reporter-output>
  <suite started-at="2025-04-25T19:11:07 IST" name="Suite" finished-at="2025-04-25T19:12:56 IST" duration-ms="108874">
    <groups>
    </groups>
    <test started-at="2025-04-25T19:11:07 IST" name="Test" finished-at="2025-04-25T19:12:56 IST" duration-ms="108874">
      <class name="com.American_Airlines_Testng.fligHtBookingMainTestng">
        <test-method is-config="true" signature="launchBrowser()[pri:0, instance:com.American_Airlines_Testng.fligHtBookingMainTestng@443118b0]" started-at="2025-04-25T19:11:07 IST" name="launchBrowser" finished-at="2025-04-25T19:11:13 IST" duration-ms="5400" status="PASS">
          <reporter-output>
          </reporter-output>
        </test-method> <!-- launchBrowser -->
        <test-method is-config="true" signature="preconditions()[pri:0, instance:com.American_Airlines_Testng.fligHtBookingMainTestng@443118b0]" started-at="2025-04-25T19:11:13 IST" name="preconditions" finished-at="2025-04-25T19:12:56 IST" duration-ms="103428" status="PASS">
          <reporter-output>
            <line>
              <![CDATA[Page scrolled.]]>
            </line>
            <line>
              <![CDATA[Source city selected]]>
            </line>
            <line>
              <![CDATA[Destination city selected]]>
            </line>
            <line>
              <![CDATA[Adults selected]]>
            </line>
            <line>
              <![CDATA[Date selected]]>
            </line>
            <line>
              <![CDATA[Children selected]]>
            </line>
            <line>
              <![CDATA[Flight searched]]>
            </line>
            <line>
              <![CDATA[Navigated to flight selection page.]]>
            </line>
            <line>
              <![CDATA[Page scrolled.]]>
            </line>
            <line>
              <![CDATA[Flights sorted]]>
            </line>
            <line>
              <![CDATA[Page scrolled to element : INR
32,926]]>
            </line>
            <line>
              <![CDATA[Flights selected]]>
            </line>
            <line>
              <![CDATA[Page scrolled to element : Continue]]>
            </line>
            <line>
              <![CDATA[Continued to passenger details page.]]>
            </line>
            <line>
              <![CDATA[Title and gender has selected.]]>
            </line>
            <line>
              <![CDATA[Page scrolled to element : ]]>
            </line>
            <line>
              <![CDATA[Passenger name has entered.]]>
            </line>
            <line>
              <![CDATA[Date of birth have selected.]]>
            </line>
            <line>
              <![CDATA[Page scrolled to element : ]]>
            </line>
            <line>
              <![CDATA[Email has entered.]]>
            </line>
            <line>
              <![CDATA[Phone number has entered.]]>
            </line>
            <line>
              <![CDATA[Page scrolled to element : Continue]]>
            </line>
            <line>
              <![CDATA[Navigated to payment page.]]>
            </line>
          </reporter-output>
        </test-method> <!-- preconditions -->
        <test-method signature="f()[pri:0, instance:com.American_Airlines_Testng.fligHtBookingMainTestng@443118b0]" started-at="2025-04-25T19:12:56 IST" name="f" finished-at="2025-04-25T19:12:56 IST" duration-ms="5" status="PASS">
          <reporter-output>
            <line>
              <![CDATA[TC passed]]>
            </line>
          </reporter-output>
        </test-method> <!-- f -->
      </class> <!-- com.American_Airlines_Testng.fligHtBookingMainTestng -->
    </test> <!-- Test -->
  </suite> <!-- Suite -->
</testng-results>
