<?xml version="1.0" encoding="UTF-8"?>
<testsuite xmlns:xsi="http://www.w3.org/2001/XMLSchema-instance" xsi:noNamespaceSchemaLocation="https://maven.apache.org/surefire/maven-surefire-plugin/xsd/surefire-test-report.xsd" version="3.0.2" name="TestSuite" time="110.272" tests="1" errors="0" skipped="0" failures="0">
  <properties>
[...]
</properties>
  <testcase name="f" classname="com.American_Airlines_Testng.fligHtBookingMainTestng" time="0.002">
    <system-out><![CDATA[Page scrolled.
Source city selected
Destination city selected
Adults selected
Date selected
Children selected
Flight searched
Navigated to flight selection page.

 INFO [main] (fligHtBookingMainTestng.java:47)- User has searched flight.
Page scrolled.
Flights sorted
Page scrolled to element : INR
32,926
Flights selected
Page scrolled to element : Continue
Continued to passenger details page.

 INFO [main] (fligHtBookingMainTestng.java:57)- User has select the flight ticket.
Title and gender has selected.
Page scrolled to element : 
Passenger name has entered.
Date of birth have selected.
Page scrolled to element : 
Email has entered.
Phone number has entered.
Page scrolled to element : Continue
Navigated to payment page.

 INFO [main] (fligHtBookingMainTestng.java:73)- User has provided passenger details.
]]></system-out>
    <system-err><![CDATA[SLF4J: No SLF4J providers were found.
SLF4J: Defaulting to no-operation (NOP) logger implementation
SLF4J: See https://www.slf4j.org/codes.html#noProviders for further details.
]]></system-err>
  </testcase>
</testsuite>