<?xml version="1.0" encoding="UTF-8"?>
<testng-results ignored="0" total="2" passed="2" failed="0" skipped="0">
  <reporter-output>
    <line>
      <![CDATA[Page scrolled.]]>
    </line>
    <line>
      <![CDATA[Source city selected]]>
    </line>
    <line>
      <![CDATA[Destination city selected]]>
    </line>
    <line>
      <![CDATA[Adults selected]]>
    </line>
    <line>
      <![CDATA[Date selected]]>
    </line>
    <line>
      <![CDATA[Children selected]]>
    </line>
    <line>
      <![CDATA[Flight searched]]>
    </line>
    <line>
      <![CDATA[Navigated to flight selection page.]]>
    </line>
    <line>
      <![CDATA[Page scrolled.]]>
    </line>
    <line>
      <![CDATA[Flights sorted]]>
    </line>
    <line>
      <![CDATA[Page scrolled to element : INR
33,000]]>
    </line>
    <line>
      <![CDATA[Flights selected]]>
    </line>
    <line>
      <![CDATA[Page scrolled to element : Continue]]>
    </line>
    <line>
      <![CDATA[Navigated to passenger details page.]]>
    </line>
    <line>
      <![CDATA[Title and gender has selected.]]>
    </line>
    <line>
      <![CDATA[Page scrolled to element : ]]>
    </line>
    <line>
      <![CDATA[Passenger name has entered.]]>
    </line>
    <line>
      <![CDATA[Date of birth have selected.]]>
    </line>
    <line>
      <![CDATA[Page scrolled to element : ]]>
    </line>
    <line>
      <![CDATA[Email has entered.]]>
    </line>
    <line>
      <![CDATA[Phone number has entered.]]>
    </line>
    <line>
      <![CDATA[Page scrolled to element : Continue]]>
    </line>
    <line>
      <![CDATA[Navigated to payment page.]]>
    </line>
    <line>
      <![CDATA[Other forms of payment option selected]]>
    </line>
    <line>
      <![CDATA[Other payment selection option is visible. Test case has been passed.]]>
    </line>
    <line>
      <![CDATA[Credit/Debit card option selected.]]>
    </line>
    <line>
      <![CDATA[Credit card number input box is visible. Test case has been passed.]]>
    </line>
  </reporter-output>
  <suite started-at="2025-05-13T10:45:48 IST" name="Default suite" finished-at="2025-05-13T10:47:55 IST" duration-ms="127720">
    <groups>
    </groups>
    <test started-at="2025-05-13T10:45:48 IST" name="Default test" finished-at="2025-05-13T10:47:55 IST" duration-ms="127720">
      <class name="com.American_Airlines_Testng.fligHtBookingMainTestng">
        <test-method is-config="true" signature="preconditions()[pri:0, instance:com.American_Airlines_Testng.fligHtBookingMainTestng@5fbe4146]" started-at="2025-05-13T10:45:48 IST" name="preconditions" finished-at="2025-05-13T10:47:32 IST" duration-ms="104354" status="PASS">
          <reporter-output>
            <line>
              <![CDATA[Page scrolled.]]>
            </line>
            <line>
              <![CDATA[Source city selected]]>
            </line>
            <line>
              <![CDATA[Destination city selected]]>
            </line>
            <line>
              <![CDATA[Adults selected]]>
            </line>
            <line>
              <![CDATA[Date selected]]>
            </line>
            <line>
              <![CDATA[Children selected]]>
            </line>
            <line>
              <![CDATA[Flight searched]]>
            </line>
            <line>
              <![CDATA[Navigated to flight selection page.]]>
            </line>
            <line>
              <![CDATA[Page scrolled.]]>
            </line>
            <line>
              <![CDATA[Flights sorted]]>
            </line>
            <line>
              <![CDATA[Page scrolled to element : INR
33,000]]>
            </line>
            <line>
              <![CDATA[Flights selected]]>
            </line>
            <line>
              <![CDATA[Page scrolled to element : Continue]]>
            </line>
            <line>
              <![CDATA[Navigated to passenger details page.]]>
            </line>
            <line>
              <![CDATA[Title and gender has selected.]]>
            </line>
            <line>
              <![CDATA[Page scrolled to element : ]]>
            </line>
            <line>
              <![CDATA[Passenger name has entered.]]>
            </line>
            <line>
              <![CDATA[Date of birth have selected.]]>
            </line>
            <line>
              <![CDATA[Page scrolled to element : ]]>
            </line>
            <line>
              <![CDATA[Email has entered.]]>
            </line>
            <line>
              <![CDATA[Phone number has entered.]]>
            </line>
            <line>
              <![CDATA[Page scrolled to element : Continue]]>
            </line>
            <line>
              <![CDATA[Navigated to payment page.]]>
            </line>
          </reporter-output>
        </test-method> <!-- preconditions -->
        <test-method signature="otherPaymentOptionValidation()[pri:1, instance:com.American_Airlines_Testng.fligHtBookingMainTestng@5fbe4146]" started-at="2025-05-13T10:47:32 IST" name="otherPaymentOptionValidation" finished-at="2025-05-13T10:47:54 IST" duration-ms="21849" status="PASS">
          <reporter-output>
            <line>
              <![CDATA[Other forms of payment option selected]]>
            </line>
            <line>
              <![CDATA[Other payment selection option is visible. Test case has been passed.]]>
            </line>
          </reporter-output>
        </test-method> <!-- otherPaymentOptionValidation -->
        <test-method signature="creditCardSelectionValidation()[pri:2, instance:com.American_Airlines_Testng.fligHtBookingMainTestng@5fbe4146]" started-at="2025-05-13T10:47:54 IST" name="creditCardSelectionValidation" finished-at="2025-05-13T10:47:55 IST" duration-ms="1458" status="PASS">
          <reporter-output>
            <line>
              <![CDATA[Credit/Debit card option selected.]]>
            </line>
            <line>
              <![CDATA[Credit card number input box is visible. Test case has been passed.]]>
            </line>
          </reporter-output>
        </test-method> <!-- creditCardSelectionValidation -->
      </class> <!-- com.American_Airlines_Testng.fligHtBookingMainTestng -->
    </test> <!-- Default test -->
  </suite> <!-- Default suite -->
</testng-results>
